<?xml version="1.0" encoding="UTF-8"?>
<coverage generated="1559943685477" clover="3.2.0">
  <project timestamp="1559943685478" name="All files">
    <metrics statements="22" coveredstatements="22" conditionals="4" coveredconditionals="4" methods="13" coveredmethods="13" elements="39" coveredelements="39" complexity="0" loc="22" ncloc="22" packages="1" files="2" classes="2"/>
    <file name="index.js" path="/Users/guillaumemorin/Dev/react-styled-toggle/src/index.js">
      <metrics statements="5" coveredstatements="5" conditionals="4" coveredconditionals="4" methods="1" coveredmethods="1"/>
      <line num="5" count="1" type="stmt"/>
      <line num="22" count="9" type="stmt"/>
      <line num="23" count="9" type="stmt"/>
      <line num="48" count="1" type="stmt"/>
      <line num="66" count="1" type="stmt"/>
    </file>
    <file name="style.js" path="/Users/guillaumemorin/Dev/react-styled-toggle/src/style.js">
      <metrics statements="17" coveredstatements="17" conditionals="0" coveredconditionals="0" methods="12" coveredmethods="12"/>
      <line num="3" count="1" type="stmt"/>
      <line num="9" count="1" type="stmt"/>
      <line num="12" count="9" type="stmt"/>
      <line num="13" count="9" type="stmt"/>
      <line num="19" count="1" type="stmt"/>
      <line num="21" count="9" type="stmt"/>
      <line num="24" count="9" type="stmt"/>
      <line num="29" count="9" type="stmt"/>
      <line num="37" count="9" type="stmt"/>
      <line num="38" count="9" type="stmt"/>
      <line num="39" count="9" type="stmt"/>
      <line num="43" count="1" type="stmt"/>
      <line num="52" count="9" type="stmt"/>
      <line num="60" count="9" type="stmt"/>
      <line num="61" count="9" type="stmt"/>
      <line num="63" count="9" type="stmt"/>
      <line num="69" count="1" type="stmt"/>
    </file>
  </project>
</coverage>
