{
    "/Users/guillaumemorin/Dev/react-styled-toggle/src/index.js": {
        "path": "/Users/guillaumemorin/Dev/react-styled-toggle/src/index.js",
        "statementMap": {
            "0": {
                "start": {"line": 5, "column": 15},
                "end": {"line": 46, "column": 1}
            },
            "1": {
                "start": {"line": 22, "column": 8},
                "end": {"line": 22, "column": 13}
            },
            "2": {
                "start": {"line": 23, "column": 4},
                "end": {"line": 45, "column": 6}
            },
            "3": {
                "start": {"line": 48, "column": 0},
                "end": {"line": 64, "column": 2}
            },
            "4": {
                "start": {"line": 66, "column": 0},
                "end": {"line": 75, "column": 2}
            }
        },
        "fnMap": {
            "0": {
                "name": "(anonymous_0)",
                "decl": {
                    "start": {"line": 5, "column": 15},
                    "end": {"line": 5, "column": 16}
                },
                "loc": {
                    "start": {"line": 5, "column": 24},
                    "end": {"line": 46, "column": 1}
                },
                "line": 5
            }
        },
        "branchMap": {
            "0": {
                "loc": {
                    "start": {"line": 25, "column": 13},
                    "end": {"line": 25, "column": 52}
                },
                "type": "binary-expr",
                "locations": [
                    {
                        "start": {"line": 25, "column": 13},
                        "end": {"line": 25, "column": 22}
                    },
                    {
                        "start": {"line": 25, "column": 26},
                        "end": {"line": 25, "column": 52}
                    }
                ],
                "line": 25
            },
            "1": {
                "loc": {
                    "start": {"line": 43, "column": 13},
                    "end": {"line": 43, "column": 54}
                },
                "type": "binary-expr",
                "locations": [
                    {
                        "start": {"line": 43, "column": 13},
                        "end": {"line": 43, "column": 23}
                    },
                    {
                        "start": {"line": 43, "column": 27},
                        "end": {"line": 43, "column": 54}
                    }
                ],
                "line": 43
            }
        },
        "s": {"0": 1, "1": 9, "2": 9, "3": 1, "4": 1},
        "f": {"0": 9},
        "b": {"0": [9, 2], "1": [9, 1]},
        "_coverageSchema": "43e27e138ebf9cfc5966b082cf9a028302ed4184",
        "hash": "96b88adf515c59069c06d907ca988036f1a390db"
    },
    "/Users/guillaumemorin/Dev/react-styled-toggle/src/style.js": {
        "path": "/Users/guillaumemorin/Dev/react-styled-toggle/src/style.js",
        "statementMap": {
            "0": {
                "start": {"line": 3, "column": 24},
                "end": {"line": 7, "column": 1}
            },
            "1": {
                "start": {"line": 9, "column": 23},
                "end": {"line": 17, "column": 1}
            },
            "2": {
                "start": {"line": 12, "column": 22},
                "end": {"line": 12, "column": 33}
            },
            "3": {
                "start": {"line": 13, "column": 23},
                "end": {"line": 13, "column": 35}
            },
            "4": {
                "start": {"line": 19, "column": 14},
                "end": {"line": 41, "column": 1}
            },
            "5": {
                "start": {"line": 21, "column": 37},
                "end": {"line": 21, "column": 65}
            },
            "6": {
                "start": {"line": 24, "column": 37},
                "end": {"line": 24, "column": 67}
            },
            "7": {
                "start": {"line": 29, "column": 37},
                "end": {"line": 29, "column": 65}
            },
            "8": {
                "start": {"line": 37, "column": 49},
                "end": {"line": 37, "column": 64}
            },
            "9": {
                "start": {"line": 38, "column": 45},
                "end": {"line": 38, "column": 60}
            },
            "10": {
                "start": {"line": 39, "column": 41},
                "end": {"line": 39, "column": 56}
            },
            "11": {
                "start": {"line": 43, "column": 15},
                "end": {"line": 67, "column": 1}
            },
            "12": {
                "start": {"line": 52, "column": 33},
                "end": {"line": 52, "column": 63}
            },
            "13": {
                "start": {"line": 60, "column": 27},
                "end": {"line": 60, "column": 45}
            },
            "14": {
                "start": {"line": 61, "column": 26},
                "end": {"line": 61, "column": 43}
            },
            "15": {
                "start": {"line": 63, "column": 37},
                "end": {"line": 63, "column": 64}
            },
            "16": {
                "start": {"line": 69, "column": 14},
                "end": {"line": 74, "column": 1}
            }
        },
        "fnMap": {
            "0": {
                "name": "(anonymous_0)",
                "decl": {
                    "start": {"line": 12, "column": 13},
                    "end": {"line": 12, "column": 14}
                },
                "loc": {
                    "start": {"line": 12, "column": 22},
                    "end": {"line": 12, "column": 33}
                },
                "line": 12
            },
            "1": {
                "name": "(anonymous_1)",
                "decl": {
                    "start": {"line": 13, "column": 14},
                    "end": {"line": 13, "column": 15}
                },
                "loc": {
                    "start": {"line": 13, "column": 23},
                    "end": {"line": 13, "column": 35}
                },
                "line": 13
            },
            "2": {
                "name": "(anonymous_2)",
                "decl": {
                    "start": {"line": 21, "column": 28},
                    "end": {"line": 21, "column": 29}
                },
                "loc": {
                    "start": {"line": 21, "column": 37},
                    "end": {"line": 21, "column": 65}
                },
                "line": 21
            },
            "3": {
                "name": "(anonymous_3)",
                "decl": {
                    "start": {"line": 24, "column": 28},
                    "end": {"line": 24, "column": 29}
                },
                "loc": {
                    "start": {"line": 24, "column": 37},
                    "end": {"line": 24, "column": 67}
                },
                "line": 24
            },
            "4": {
                "name": "(anonymous_4)",
                "decl": {
                    "start": {"line": 29, "column": 28},
                    "end": {"line": 29, "column": 29}
                },
                "loc": {
                    "start": {"line": 29, "column": 37},
                    "end": {"line": 29, "column": 65}
                },
                "line": 29
            },
            "5": {
                "name": "(anonymous_5)",
                "decl": {
                    "start": {"line": 37, "column": 40},
                    "end": {"line": 37, "column": 41}
                },
                "loc": {
                    "start": {"line": 37, "column": 49},
                    "end": {"line": 37, "column": 64}
                },
                "line": 37
            },
            "6": {
                "name": "(anonymous_6)",
                "decl": {
                    "start": {"line": 38, "column": 36},
                    "end": {"line": 38, "column": 37}
                },
                "loc": {
                    "start": {"line": 38, "column": 45},
                    "end": {"line": 38, "column": 60}
                },
                "line": 38
            },
            "7": {
                "name": "(anonymous_7)",
                "decl": {
                    "start": {"line": 39, "column": 32},
                    "end": {"line": 39, "column": 33}
                },
                "loc": {
                    "start": {"line": 39, "column": 41},
                    "end": {"line": 39, "column": 56}
                },
                "line": 39
            },
            "8": {
                "name": "(anonymous_8)",
                "decl": {
                    "start": {"line": 52, "column": 24},
                    "end": {"line": 52, "column": 25}
                },
                "loc": {
                    "start": {"line": 52, "column": 33},
                    "end": {"line": 52, "column": 63}
                },
                "line": 52
            },
            "9": {
                "name": "(anonymous_9)",
                "decl": {
                    "start": {"line": 60, "column": 18},
                    "end": {"line": 60, "column": 19}
                },
                "loc": {
                    "start": {"line": 60, "column": 27},
                    "end": {"line": 60, "column": 45}
                },
                "line": 60
            },
            "10": {
                "name": "(anonymous_10)",
                "decl": {
                    "start": {"line": 61, "column": 17},
                    "end": {"line": 61, "column": 18}
                },
                "loc": {
                    "start": {"line": 61, "column": 26},
                    "end": {"line": 61, "column": 43}
                },
                "line": 61
            },
            "11": {
                "name": "(anonymous_11)",
                "decl": {
                    "start": {"line": 63, "column": 28},
                    "end": {"line": 63, "column": 29}
                },
                "loc": {
                    "start": {"line": 63, "column": 37},
                    "end": {"line": 63, "column": 64}
                },
                "line": 63
            }
        },
        "branchMap": {},
        "s": {
            "0": 1,
            "1": 1,
            "2": 9,
            "3": 9,
            "4": 1,
            "5": 9,
            "6": 9,
            "7": 9,
            "8": 9,
            "9": 9,
            "10": 9,
            "11": 1,
            "12": 9,
            "13": 9,
            "14": 9,
            "15": 9,
            "16": 1
        },
        "f": {
            "0": 9,
            "1": 9,
            "2": 9,
            "3": 9,
            "4": 9,
            "5": 9,
            "6": 9,
            "7": 9,
            "8": 9,
            "9": 9,
            "10": 9,
            "11": 9
        },
        "b": {},
        "_coverageSchema": "43e27e138ebf9cfc5966b082cf9a028302ed4184",
        "hash": "5adf01a3b516523d51a3b817c4a6715f417c4a66"
    }
}
