TN:
SF:/Users/guillaumemorin/Dev/react-styled-toggle/src/index.js
FN:5,(anonymous_0)
FNF:1
FNH:1
FNDA:9,(anonymous_0)
DA:5,1
DA:22,9
DA:23,9
DA:48,1
DA:66,1
LF:5
LH:5
BRDA:25,0,0,9
BRDA:25,0,1,2
BRDA:43,1,0,9
BRDA:43,1,1,1
BRF:4
BRH:4
end_of_record
TN:
SF:/Users/guillaumemorin/Dev/react-styled-toggle/src/style.js
FN:12,(anonymous_0)
FN:13,(anonymous_1)
FN:21,(anonymous_2)
FN:24,(anonymous_3)
FN:29,(anonymous_4)
FN:37,(anonymous_5)
FN:38,(anonymous_6)
FN:39,(anonymous_7)
FN:52,(anonymous_8)
FN:60,(anonymous_9)
FN:61,(anonymous_10)
FN:63,(anonymous_11)
FNF:12
FNH:12
FNDA:9,(anonymous_0)
FNDA:9,(anonymous_1)
FNDA:9,(anonymous_2)
FNDA:9,(anonymous_3)
FNDA:9,(anonymous_4)
FNDA:9,(anonymous_5)
FNDA:9,(anonymous_6)
FNDA:9,(anonymous_7)
FNDA:9,(anonymous_8)
FNDA:9,(anonymous_9)
FNDA:9,(anonymous_10)
FNDA:9,(anonymous_11)
DA:3,1
DA:9,1
DA:12,9
DA:13,9
DA:19,1
DA:21,9
DA:24,9
DA:29,9
DA:37,9
DA:38,9
DA:39,9
DA:43,1
DA:52,9
DA:60,9
DA:61,9
DA:63,9
DA:69,1
LF:17
LH:17
BRF:0
BRH:0
end_of_record
